<?xml version="1.0"?>
<h:html xmlns="http://www.w3.org/2002/xforms" xmlns:ev="http://www.w3.org/2001/xml-events" xmlns:h="http://www.w3.org/1999/xhtml" xmlns:jr="http://openrosa.org/javarosa" xmlns:odk="http://www.opendatakit.org/xforms" xmlns:orx="http://openrosa.org/xforms" xmlns:xsd="http://www.w3.org/2001/XMLSchema">
  <h:head>
    <h:title>Place Time Use</h:title>
    <model odk:xforms-version="1.0.0">
      <instance>
        <aDZ9zeWGXm5vgT7MicJAWV id="aDZ9zeWGXm5vgT7MicJAWV">
          <start/>
          <end/>
          <Where_is_this_place/>
          <home>
            <caring_children_or_adults/>
            <caring_children_or_adults_time jr:template="">
              <start_time_00/>
              <duration_00/>
            </caring_children_or_adults_time>
            <caring_children_or_adults_time>
              <start_time_00/>
              <duration_00/>
            </caring_children_or_adults_time>
            <checking_social_media/>
            <checking_social_media_time jr:template="">
              <start_time_01/>
              <duration_01/>
            </checking_social_media_time>
            <checking_social_media_time>
              <start_time_01/>
              <duration_01/>
            </checking_social_media_time>
            <cleaning_and_tidying/>
            <cleaning_and_tidying_time jr:template="">
              <start_time_002/>
              <duration_002/>
            </cleaning_and_tidying_time>
            <cleaning_and_tidying_time>
              <start_time_002/>
              <duration_002/>
            </cleaning_and_tidying_time>
            <contact_family_friends/>
            <contact_family_friends_time jr:template="">
              <start_time_001/>
              <duration_001/>
            </contact_family_friends_time>
            <contact_family_friends_time>
              <start_time_001/>
              <duration_001/>
            </contact_family_friends_time>
            <doing_laundry/>
            <doing_laundry_time jr:template="">
              <start_time_01_001_001_002_001_004/>
              <duration_01_001_001_001/>
            </doing_laundry_time>
            <doing_laundry_time>
              <start_time_01_001_001_002_001_004/>
              <duration_01_001_001_001/>
            </doing_laundry_time>
            <Checking_social_media_001_004/>
            <group_ud5xy22 jr:template="">
              <start_time_01_001_001_001_001_/>
              <duration_01_001_001_001_001/>
            </group_ud5xy22>
            <group_ud5xy22>
              <start_time_01_001_001_001_001_/>
              <duration_01_001_001_001_001/>
            </group_ud5xy22>
            <Checking_social_media_001_003/>
            <group_ok9za80 jr:template="">
              <start_time_01_001_001_001_001_002/>
              <duration_01_001_001_001_001_001/>
            </group_ok9za80>
            <group_ok9za80>
              <start_time_01_001_001_001_001_002/>
              <duration_01_001_001_001_001_001/>
            </group_ok9za80>
            <Checking_social_media_001_002/>
            <group_sk7jn92 jr:template="">
              <start_time_01_001_001_001_001__001/>
              <duration_01_001_001_001_001_00/>
            </group_sk7jn92>
            <group_sk7jn92>
              <start_time_01_001_001_001_001__001/>
              <duration_01_001_001_001_001_00/>
            </group_sk7jn92>
            <Checking_social_media_001_001/>
            <group_ot93u77 jr:template="">
              <start_time_01_001_001_001_001__002/>
              <duration_01_001_001_001_001_00_001/>
            </group_ot93u77>
            <group_ot93u77>
              <start_time_01_001_001_001_001__002/>
              <duration_01_001_001_001_001_00_001/>
            </group_ot93u77>
            <Checking_social_media_001_001_001/>
            <group_kn6bn88 jr:template="">
              <start_time_01_001_001_002_001__007/>
              <duration_01_001_001_001_001_00_002/>
            </group_kn6bn88>
            <group_kn6bn88>
              <start_time_01_001_001_002_001__007/>
              <duration_01_001_001_001_001_00_002/>
            </group_kn6bn88>
            <Checking_social_media_001_001_/>
            <group_jc5xr35 jr:template="">
              <start_time_01_001_001_002_001__008/>
              <duration_01_001_001_001_001_00_003/>
            </group_jc5xr35>
            <group_jc5xr35>
              <start_time_01_001_001_002_001__008/>
              <duration_01_001_001_001_001_00_003/>
            </group_jc5xr35>
            <Checking_social_media_001_001_002/>
            <group_ia2ey27 jr:template="">
              <start_time_01_001_001_002_001__005/>
              <duration_01_001_001_001_001_00_004/>
            </group_ia2ey27>
            <group_ia2ey27>
              <start_time_01_001_001_002_001__005/>
              <duration_01_001_001_001_001_00_004/>
            </group_ia2ey27>
            <Checking_social_media_001_001__001/>
            <group_wa6eq78 jr:template="">
              <start_time_01_001_001_002_001__006/>
              <duration_01_001_001_001_001_00_005/>
            </group_wa6eq78>
            <group_wa6eq78>
              <start_time_01_001_001_002_001__006/>
              <duration_01_001_001_001_001_00_005/>
            </group_wa6eq78>
            <Checking_social_media_001_001__008/>
            <group_ai4vm64 jr:template="">
              <start_time_01_001_001_002_001__003/>
              <duration_01_001_001_001_001_00_006/>
            </group_ai4vm64>
            <group_ai4vm64>
              <start_time_01_001_001_002_001__003/>
              <duration_01_001_001_001_001_00_006/>
            </group_ai4vm64>
            <Checking_social_media_001_001__007/>
            <group_jf7rt99 jr:template="">
              <start_time_01_001_001_002_001__001/>
              <duration_01_001_001_001_001_00_007/>
            </group_jf7rt99>
            <group_jf7rt99>
              <start_time_01_001_001_002_001__001/>
              <duration_01_001_001_001_001_00_007/>
            </group_jf7rt99>
            <Checking_social_media_001_001__006/>
            <group_zz43i41 jr:template="">
              <start_time_01_001_001_002_001__002/>
              <duration_01_001_001_001_001_00_008/>
            </group_zz43i41>
            <group_zz43i41>
              <start_time_01_001_001_002_001__002/>
              <duration_01_001_001_001_001_00_008/>
            </group_zz43i41>
            <Checking_social_media_001_001__005/>
            <group_mt7ux80 jr:template="">
              <start_time_01_001_001_002_001__004/>
              <duration_01_001_001_001_001_00_009/>
            </group_mt7ux80>
            <group_mt7ux80>
              <start_time_01_001_001_002_001__004/>
              <duration_01_001_001_001_001_00_009/>
            </group_mt7ux80>
            <Checking_social_media_001_001__004/>
            <group_xk1ng28 jr:template="">
              <start_time_01_001_001_002_001_003/>
              <duration_01_001_001_001_001_00_010/>
            </group_xk1ng28>
            <group_xk1ng28>
              <start_time_01_001_001_002_001_003/>
              <duration_01_001_001_001_001_00_010/>
            </group_xk1ng28>
            <Checking_social_media_001_001__003/>
            <group_jz8ao35 jr:template="">
              <start_time_01_001_001_002_001_002/>
              <duration_01_001_001_001_001_00_011/>
            </group_jz8ao35>
            <group_jz8ao35>
              <start_time_01_001_001_002_001_002/>
              <duration_01_001_001_001_001_00_011/>
            </group_jz8ao35>
            <Checking_social_media_001_001__002/>
            <group_nl7ef69 jr:template="">
              <start_time_01_001_001_002_001_001/>
              <duration_01_001_001_001_001_00_012/>
            </group_nl7ef69>
            <group_nl7ef69>
              <start_time_01_001_001_002_001_001/>
              <duration_01_001_001_001_001_00_012/>
            </group_nl7ef69>
            <Checking_social_media_001_001__010/>
            <group_zd2zs54 jr:template="">
              <start_time_01_001_001/>
              <duration_01_001_001_001_001_00_013/>
            </group_zd2zs54>
            <group_zd2zs54>
              <start_time_01_001_001/>
              <duration_01_001_001_001_001_00_013/>
            </group_zd2zs54>
            <Checking_social_media_001_001__009/>
            <group_rt0lc52 jr:template="">
              <start_time_01_001_001_002_001/>
              <duration_01_001_001_001_001_00_014/>
            </group_rt0lc52>
            <group_rt0lc52>
              <start_time_01_001_001_002_001/>
              <duration_01_001_001_001_001_00_014/>
            </group_rt0lc52>
            <Checking_social_media_001_001__011/>
            <group_gg6wr46 jr:template="">
              <start_time_01_001_001_002/>
              <duration_01_001_001_001_001_00_015/>
            </group_gg6wr46>
            <group_gg6wr46>
              <start_time_01_001_001_002/>
              <duration_01_001_001_001_001_00_015/>
            </group_gg6wr46>
            <Checking_social_media_001_001__012/>
            <group_mq1qk43 jr:template="">
              <Please_indicate_it_below/>
              <start_time_01_001_001_002_001_/>
              <duration_01_001_001_001_001_00_016/>
            </group_mq1qk43>
            <group_mq1qk43>
              <Please_indicate_it_below/>
              <start_time_01_001_001_002_001_/>
              <duration_01_001_001_001_001_00_016/>
            </group_mq1qk43>
          </home>
          <meta>
            <instanceID/>
          </meta>
        </aDZ9zeWGXm5vgT7MicJAWV>
      </instance>
      <bind jr:preload="timestamp" jr:preloadParams="start" nodeset="/aDZ9zeWGXm5vgT7MicJAWV/start" type="dateTime"/>
      <bind jr:preload="timestamp" jr:preloadParams="end" nodeset="/aDZ9zeWGXm5vgT7MicJAWV/end" type="dateTime"/>
      <bind nodeset="/aDZ9zeWGXm5vgT7MicJAWV/Where_is_this_place" required="false()" type="string"/>
      <bind nodeset="/aDZ9zeWGXm5vgT7MicJAWV/home" relevant=" /aDZ9zeWGXm5vgT7MicJAWV/Where_is_this_place  = 'home'" required="false()"/>
      <bind nodeset="/aDZ9zeWGXm5vgT7MicJAWV/home/caring_children_or_adults" required="false()" type="string"/>
      <bind nodeset="/aDZ9zeWGXm5vgT7MicJAWV/home/caring_children_or_adults_time" relevant=" /aDZ9zeWGXm5vgT7MicJAWV/home/caring_children_or_adults  != ''" required="false()"/>
      <bind nodeset="/aDZ9zeWGXm5vgT7MicJAWV/home/caring_children_or_adults_time/start_time_00" required="true()" type="time"/>
      <bind nodeset="/aDZ9zeWGXm5vgT7MicJAWV/home/caring_children_or_adults_time/duration_00" required="true()" type="int"/>
      <bind nodeset="/aDZ9zeWGXm5vgT7MicJAWV/home/checking_social_media" required="false()" type="string"/>
      <bind nodeset="/aDZ9zeWGXm5vgT7MicJAWV/home/checking_social_media_time" relevant=" /aDZ9zeWGXm5vgT7MicJAWV/home/checking_social_media  != ''" required="false()"/>
      <bind nodeset="/aDZ9zeWGXm5vgT7MicJAWV/home/checking_social_media_time/start_time_01" relevant=" /aDZ9zeWGXm5vgT7MicJAWV/home/checking_social_media  != ''" required="true()" type="time"/>
      <bind nodeset="/aDZ9zeWGXm5vgT7MicJAWV/home/checking_social_media_time/duration_01" relevant=" /aDZ9zeWGXm5vgT7MicJAWV/home/checking_social_media  != ''" required="true()" type="int"/>
      <bind nodeset="/aDZ9zeWGXm5vgT7MicJAWV/home/cleaning_and_tidying" required="false()" type="string"/>
      <bind nodeset="/aDZ9zeWGXm5vgT7MicJAWV/home/cleaning_and_tidying_time" relevant=" /aDZ9zeWGXm5vgT7MicJAWV/home/cleaning_and_tidying  != ''" required="false()"/>
      <bind nodeset="/aDZ9zeWGXm5vgT7MicJAWV/home/cleaning_and_tidying_time/start_time_002" required="true()" type="time"/>
      <bind nodeset="/aDZ9zeWGXm5vgT7MicJAWV/home/cleaning_and_tidying_time/duration_002" required="true()" type="int"/>
      <bind nodeset="/aDZ9zeWGXm5vgT7MicJAWV/home/contact_family_friends" required="false()" type="string"/>
      <bind nodeset="/aDZ9zeWGXm5vgT7MicJAWV/home/contact_family_friends_time" relevant=" /aDZ9zeWGXm5vgT7MicJAWV/home/contact_family_friends  != ''" required="false()"/>
      <bind nodeset="/aDZ9zeWGXm5vgT7MicJAWV/home/contact_family_friends_time/start_time_001" required="true()" type="time"/>
      <bind nodeset="/aDZ9zeWGXm5vgT7MicJAWV/home/contact_family_friends_time/duration_001" required="true()" type="int"/>
      <bind nodeset="/aDZ9zeWGXm5vgT7MicJAWV/home/doing_laundry" required="false()" type="string"/>
      <bind nodeset="/aDZ9zeWGXm5vgT7MicJAWV/home/doing_laundry_time" relevant=" /aDZ9zeWGXm5vgT7MicJAWV/home/doing_laundry  != ''" required="false()"/>
      <bind nodeset="/aDZ9zeWGXm5vgT7MicJAWV/home/doing_laundry_time/start_time_01_001_001_002_001_004" required="true()" type="time"/>
      <bind nodeset="/aDZ9zeWGXm5vgT7MicJAWV/home/doing_laundry_time/duration_01_001_001_001" required="true()" type="int"/>
      <bind nodeset="/aDZ9zeWGXm5vgT7MicJAWV/home/Checking_social_media_001_004" required="false()" type="string"/>
      <bind nodeset="/aDZ9zeWGXm5vgT7MicJAWV/home/group_ud5xy22" relevant=" /aDZ9zeWGXm5vgT7MicJAWV/home/Checking_social_media_001_004  != ''"/>
      <bind nodeset="/aDZ9zeWGXm5vgT7MicJAWV/home/group_ud5xy22/start_time_01_001_001_001_001_" required="true()" type="time"/>
      <bind nodeset="/aDZ9zeWGXm5vgT7MicJAWV/home/group_ud5xy22/duration_01_001_001_001_001" required="true()" type="int"/>
      <bind nodeset="/aDZ9zeWGXm5vgT7MicJAWV/home/Checking_social_media_001_003" required="false()" type="string"/>
      <bind nodeset="/aDZ9zeWGXm5vgT7MicJAWV/home/group_ok9za80" relevant=" /aDZ9zeWGXm5vgT7MicJAWV/home/Checking_social_media_001_003  != ''"/>
      <bind nodeset="/aDZ9zeWGXm5vgT7MicJAWV/home/group_ok9za80/start_time_01_001_001_001_001_002" required="true()" type="time"/>
      <bind nodeset="/aDZ9zeWGXm5vgT7MicJAWV/home/group_ok9za80/duration_01_001_001_001_001_001" required="true()" type="int"/>
      <bind nodeset="/aDZ9zeWGXm5vgT7MicJAWV/home/Checking_social_media_001_002" required="false()" type="string"/>
      <bind nodeset="/aDZ9zeWGXm5vgT7MicJAWV/home/group_sk7jn92" relevant=" /aDZ9zeWGXm5vgT7MicJAWV/home/Checking_social_media_001_002  != ''"/>
      <bind nodeset="/aDZ9zeWGXm5vgT7MicJAWV/home/group_sk7jn92/start_time_01_001_001_001_001__001" required="true()" type="time"/>
      <bind nodeset="/aDZ9zeWGXm5vgT7MicJAWV/home/group_sk7jn92/duration_01_001_001_001_001_00" required="true()" type="int"/>
      <bind nodeset="/aDZ9zeWGXm5vgT7MicJAWV/home/Checking_social_media_001_001" required="false()" type="string"/>
      <bind nodeset="/aDZ9zeWGXm5vgT7MicJAWV/home/group_ot93u77" relevant=" /aDZ9zeWGXm5vgT7MicJAWV/home/Checking_social_media_001_001  != ''"/>
      <bind nodeset="/aDZ9zeWGXm5vgT7MicJAWV/home/group_ot93u77/start_time_01_001_001_001_001__002" required="true()" type="time"/>
      <bind nodeset="/aDZ9zeWGXm5vgT7MicJAWV/home/group_ot93u77/duration_01_001_001_001_001_00_001" required="true()" type="int"/>
      <bind nodeset="/aDZ9zeWGXm5vgT7MicJAWV/home/Checking_social_media_001_001_001" required="false()" type="string"/>
      <bind nodeset="/aDZ9zeWGXm5vgT7MicJAWV/home/group_kn6bn88" relevant=" /aDZ9zeWGXm5vgT7MicJAWV/home/Checking_social_media_001_001_001  != ''"/>
      <bind nodeset="/aDZ9zeWGXm5vgT7MicJAWV/home/group_kn6bn88/start_time_01_001_001_002_001__007" required="true()" type="time"/>
      <bind nodeset="/aDZ9zeWGXm5vgT7MicJAWV/home/group_kn6bn88/duration_01_001_001_001_001_00_002" required="true()" type="int"/>
      <bind nodeset="/aDZ9zeWGXm5vgT7MicJAWV/home/Checking_social_media_001_001_" required="false()" type="string"/>
      <bind nodeset="/aDZ9zeWGXm5vgT7MicJAWV/home/group_jc5xr35" relevant=" /aDZ9zeWGXm5vgT7MicJAWV/home/Checking_social_media_001_001_  != ''"/>
      <bind nodeset="/aDZ9zeWGXm5vgT7MicJAWV/home/group_jc5xr35/start_time_01_001_001_002_001__008" required="true()" type="time"/>
      <bind nodeset="/aDZ9zeWGXm5vgT7MicJAWV/home/group_jc5xr35/duration_01_001_001_001_001_00_003" required="true()" type="int"/>
      <bind nodeset="/aDZ9zeWGXm5vgT7MicJAWV/home/Checking_social_media_001_001_002" required="false()" type="string"/>
      <bind nodeset="/aDZ9zeWGXm5vgT7MicJAWV/home/group_ia2ey27" relevant=" /aDZ9zeWGXm5vgT7MicJAWV/home/Checking_social_media_001_001_002  != ''"/>
      <bind nodeset="/aDZ9zeWGXm5vgT7MicJAWV/home/group_ia2ey27/start_time_01_001_001_002_001__005" required="true()" type="time"/>
      <bind nodeset="/aDZ9zeWGXm5vgT7MicJAWV/home/group_ia2ey27/duration_01_001_001_001_001_00_004" required="true()" type="int"/>
      <bind nodeset="/aDZ9zeWGXm5vgT7MicJAWV/home/Checking_social_media_001_001__001" required="false()" type="string"/>
      <bind nodeset="/aDZ9zeWGXm5vgT7MicJAWV/home/group_wa6eq78" relevant=" /aDZ9zeWGXm5vgT7MicJAWV/home/Checking_social_media_001_001__001  != ''"/>
      <bind nodeset="/aDZ9zeWGXm5vgT7MicJAWV/home/group_wa6eq78/start_time_01_001_001_002_001__006" required="true()" type="time"/>
      <bind nodeset="/aDZ9zeWGXm5vgT7MicJAWV/home/group_wa6eq78/duration_01_001_001_001_001_00_005" required="true()" type="int"/>
      <bind nodeset="/aDZ9zeWGXm5vgT7MicJAWV/home/Checking_social_media_001_001__008" required="false()" type="string"/>
      <bind nodeset="/aDZ9zeWGXm5vgT7MicJAWV/home/group_ai4vm64" relevant=" /aDZ9zeWGXm5vgT7MicJAWV/home/Checking_social_media_001_001__008  != ''"/>
      <bind nodeset="/aDZ9zeWGXm5vgT7MicJAWV/home/group_ai4vm64/start_time_01_001_001_002_001__003" required="true()" type="time"/>
      <bind nodeset="/aDZ9zeWGXm5vgT7MicJAWV/home/group_ai4vm64/duration_01_001_001_001_001_00_006" required="true()" type="int"/>
      <bind nodeset="/aDZ9zeWGXm5vgT7MicJAWV/home/Checking_social_media_001_001__007" required="false()" type="string"/>
      <bind nodeset="/aDZ9zeWGXm5vgT7MicJAWV/home/group_jf7rt99" relevant=" /aDZ9zeWGXm5vgT7MicJAWV/home/Checking_social_media_001_001__007  != ''"/>
      <bind nodeset="/aDZ9zeWGXm5vgT7MicJAWV/home/group_jf7rt99/start_time_01_001_001_002_001__001" required="true()" type="time"/>
      <bind nodeset="/aDZ9zeWGXm5vgT7MicJAWV/home/group_jf7rt99/duration_01_001_001_001_001_00_007" required="true()" type="int"/>
      <bind nodeset="/aDZ9zeWGXm5vgT7MicJAWV/home/Checking_social_media_001_001__006" required="false()" type="string"/>
      <bind nodeset="/aDZ9zeWGXm5vgT7MicJAWV/home/group_zz43i41" relevant=" /aDZ9zeWGXm5vgT7MicJAWV/home/Checking_social_media_001_001__006  != ''"/>
      <bind nodeset="/aDZ9zeWGXm5vgT7MicJAWV/home/group_zz43i41/start_time_01_001_001_002_001__002" required="true()" type="time"/>
      <bind nodeset="/aDZ9zeWGXm5vgT7MicJAWV/home/group_zz43i41/duration_01_001_001_001_001_00_008" required="true()" type="int"/>
      <bind nodeset="/aDZ9zeWGXm5vgT7MicJAWV/home/Checking_social_media_001_001__005" required="false()" type="string"/>
      <bind nodeset="/aDZ9zeWGXm5vgT7MicJAWV/home/group_mt7ux80" relevant=" /aDZ9zeWGXm5vgT7MicJAWV/home/Checking_social_media_001_001__005  != ''"/>
      <bind nodeset="/aDZ9zeWGXm5vgT7MicJAWV/home/group_mt7ux80/start_time_01_001_001_002_001__004" required="true()" type="time"/>
      <bind nodeset="/aDZ9zeWGXm5vgT7MicJAWV/home/group_mt7ux80/duration_01_001_001_001_001_00_009" required="true()" type="int"/>
      <bind nodeset="/aDZ9zeWGXm5vgT7MicJAWV/home/Checking_social_media_001_001__004" required="false()" type="string"/>
      <bind nodeset="/aDZ9zeWGXm5vgT7MicJAWV/home/group_xk1ng28" relevant=" /aDZ9zeWGXm5vgT7MicJAWV/home/Checking_social_media_001_001__004  != ''"/>
      <bind nodeset="/aDZ9zeWGXm5vgT7MicJAWV/home/group_xk1ng28/start_time_01_001_001_002_001_003" required="true()" type="time"/>
      <bind nodeset="/aDZ9zeWGXm5vgT7MicJAWV/home/group_xk1ng28/duration_01_001_001_001_001_00_010" required="true()" type="int"/>
      <bind nodeset="/aDZ9zeWGXm5vgT7MicJAWV/home/Checking_social_media_001_001__003" required="false()" type="string"/>
      <bind nodeset="/aDZ9zeWGXm5vgT7MicJAWV/home/group_jz8ao35" relevant=" /aDZ9zeWGXm5vgT7MicJAWV/home/Checking_social_media_001_001__003  != ''"/>
      <bind nodeset="/aDZ9zeWGXm5vgT7MicJAWV/home/group_jz8ao35/start_time_01_001_001_002_001_002" required="true()" type="time"/>
      <bind nodeset="/aDZ9zeWGXm5vgT7MicJAWV/home/group_jz8ao35/duration_01_001_001_001_001_00_011" required="true()" type="int"/>
      <bind nodeset="/aDZ9zeWGXm5vgT7MicJAWV/home/Checking_social_media_001_001__002" required="false()" type="string"/>
      <bind nodeset="/aDZ9zeWGXm5vgT7MicJAWV/home/group_nl7ef69" relevant=" /aDZ9zeWGXm5vgT7MicJAWV/home/Checking_social_media_001_001__002  != ''"/>
      <bind nodeset="/aDZ9zeWGXm5vgT7MicJAWV/home/group_nl7ef69/start_time_01_001_001_002_001_001" required="true()" type="time"/>
      <bind nodeset="/aDZ9zeWGXm5vgT7MicJAWV/home/group_nl7ef69/duration_01_001_001_001_001_00_012" required="true()" type="int"/>
      <bind nodeset="/aDZ9zeWGXm5vgT7MicJAWV/home/Checking_social_media_001_001__010" required="false()" type="string"/>
      <bind nodeset="/aDZ9zeWGXm5vgT7MicJAWV/home/group_zd2zs54" relevant=" /aDZ9zeWGXm5vgT7MicJAWV/home/Checking_social_media_001_001__010  != ''"/>
      <bind nodeset="/aDZ9zeWGXm5vgT7MicJAWV/home/group_zd2zs54/start_time_01_001_001" required="true()" type="time"/>
      <bind nodeset="/aDZ9zeWGXm5vgT7MicJAWV/home/group_zd2zs54/duration_01_001_001_001_001_00_013" required="true()" type="int"/>
      <bind nodeset="/aDZ9zeWGXm5vgT7MicJAWV/home/Checking_social_media_001_001__009" required="false()" type="string"/>
      <bind nodeset="/aDZ9zeWGXm5vgT7MicJAWV/home/group_rt0lc52" relevant=" /aDZ9zeWGXm5vgT7MicJAWV/home/Checking_social_media_001_001__009  != ''"/>
      <bind nodeset="/aDZ9zeWGXm5vgT7MicJAWV/home/group_rt0lc52/start_time_01_001_001_002_001" required="true()" type="time"/>
      <bind nodeset="/aDZ9zeWGXm5vgT7MicJAWV/home/group_rt0lc52/duration_01_001_001_001_001_00_014" required="true()" type="int"/>
      <bind nodeset="/aDZ9zeWGXm5vgT7MicJAWV/home/Checking_social_media_001_001__011" required="false()" type="string"/>
      <bind nodeset="/aDZ9zeWGXm5vgT7MicJAWV/home/group_gg6wr46" relevant=" /aDZ9zeWGXm5vgT7MicJAWV/home/Checking_social_media_001_001__011  != ''"/>
      <bind nodeset="/aDZ9zeWGXm5vgT7MicJAWV/home/group_gg6wr46/start_time_01_001_001_002" required="true()" type="time"/>
      <bind nodeset="/aDZ9zeWGXm5vgT7MicJAWV/home/group_gg6wr46/duration_01_001_001_001_001_00_015" required="true()" type="int"/>
      <bind nodeset="/aDZ9zeWGXm5vgT7MicJAWV/home/Checking_social_media_001_001__012" required="false()" type="string"/>
      <bind nodeset="/aDZ9zeWGXm5vgT7MicJAWV/home/group_mq1qk43" relevant=" /aDZ9zeWGXm5vgT7MicJAWV/home/Checking_social_media_001_001__012  != ''"/>
      <bind nodeset="/aDZ9zeWGXm5vgT7MicJAWV/home/group_mq1qk43/Please_indicate_it_below" required="true()" type="string"/>
      <bind nodeset="/aDZ9zeWGXm5vgT7MicJAWV/home/group_mq1qk43/start_time_01_001_001_002_001_" required="true()" type="time"/>
      <bind nodeset="/aDZ9zeWGXm5vgT7MicJAWV/home/group_mq1qk43/duration_01_001_001_001_001_00_016" required="true()" type="int"/>
      <bind jr:preload="uid" nodeset="/aDZ9zeWGXm5vgT7MicJAWV/meta/instanceID" readonly="true()" type="string"/>
    </model>
  </h:head>
  <h:body>
    <select1 ref="/aDZ9zeWGXm5vgT7MicJAWV/Where_is_this_place">
      <label>1- Where is this place?</label>
      <item>
        <label>Home</label>
        <value>home</value>
      </item>
      <item>
        <label>Work</label>
        <value>work</value>
      </item>
      <item>
        <label>Other</label>
        <value>other</value>
      </item>
    </select1>
    <group ref="/aDZ9zeWGXm5vgT7MicJAWV/home">
      <label>2- Please select activities you have done at home:</label>
      <trigger ref="/aDZ9zeWGXm5vgT7MicJAWV/home/caring_children_or_adults">
        <label>Caring for own children or adults</label>
      </trigger>
      <group ref="/aDZ9zeWGXm5vgT7MicJAWV/home/caring_children_or_adults_time">
        <label></label>
        <repeat appearance="field-list" nodeset="/aDZ9zeWGXm5vgT7MicJAWV/home/caring_children_or_adults_time">
          <input ref="/aDZ9zeWGXm5vgT7MicJAWV/home/caring_children_or_adults_time/start_time_00">
            <label>Roughly, when did you start this activity?</label>
          </input>
          <input ref="/aDZ9zeWGXm5vgT7MicJAWV/home/caring_children_or_adults_time/duration_00">
            <label>How long did it take? (In minutes)</label>
          </input>
        </repeat>
      </group>
      <trigger ref="/aDZ9zeWGXm5vgT7MicJAWV/home/checking_social_media">
        <label>Checking social media</label>
      </trigger>
      <group ref="/aDZ9zeWGXm5vgT7MicJAWV/home/checking_social_media_time">
        <label></label>
        <repeat appearance="field-list" nodeset="/aDZ9zeWGXm5vgT7MicJAWV/home/checking_social_media_time">
          <input ref="/aDZ9zeWGXm5vgT7MicJAWV/home/checking_social_media_time/start_time_01">
            <label>Roughly, when did you start this activity?</label>
          </input>
          <input ref="/aDZ9zeWGXm5vgT7MicJAWV/home/checking_social_media_time/duration_01">
            <label>How long did it take? (In minutes)</label>
          </input>
        </repeat>
      </group>
      <trigger ref="/aDZ9zeWGXm5vgT7MicJAWV/home/cleaning_and_tidying">
        <label>Cleaning and tidying</label>
      </trigger>
      <group ref="/aDZ9zeWGXm5vgT7MicJAWV/home/cleaning_and_tidying_time">
        <label></label>
        <repeat appearance="field-list" nodeset="/aDZ9zeWGXm5vgT7MicJAWV/home/cleaning_and_tidying_time">
          <input ref="/aDZ9zeWGXm5vgT7MicJAWV/home/cleaning_and_tidying_time/start_time_002">
            <label>Roughly, when did you start this activity?</label>
          </input>
          <input ref="/aDZ9zeWGXm5vgT7MicJAWV/home/cleaning_and_tidying_time/duration_002">
            <label>How long did it take? (In minutes)</label>
          </input>
        </repeat>
      </group>
      <trigger ref="/aDZ9zeWGXm5vgT7MicJAWV/home/contact_family_friends">
        <label>Contact family/ friends on a call</label>
      </trigger>
      <group ref="/aDZ9zeWGXm5vgT7MicJAWV/home/contact_family_friends_time">
        <label></label>
        <repeat appearance="field-list" nodeset="/aDZ9zeWGXm5vgT7MicJAWV/home/contact_family_friends_time">
          <input ref="/aDZ9zeWGXm5vgT7MicJAWV/home/contact_family_friends_time/start_time_001">
            <label>Roughly, when did you start this activity?</label>
          </input>
          <input ref="/aDZ9zeWGXm5vgT7MicJAWV/home/contact_family_friends_time/duration_001">
            <label>How long did it take? (In minutes)</label>
          </input>
        </repeat>
      </group>
      <trigger ref="/aDZ9zeWGXm5vgT7MicJAWV/home/doing_laundry">
        <label>Doing laundry</label>
      </trigger>
      <group ref="/aDZ9zeWGXm5vgT7MicJAWV/home/doing_laundry_time">
        <label></label>
        <repeat appearance="field-list" nodeset="/aDZ9zeWGXm5vgT7MicJAWV/home/doing_laundry_time">
          <input ref="/aDZ9zeWGXm5vgT7MicJAWV/home/doing_laundry_time/start_time_01_001_001_002_001_004">
            <label>Roughly, when did you start this activity?</label>
          </input>
          <input ref="/aDZ9zeWGXm5vgT7MicJAWV/home/doing_laundry_time/duration_01_001_001_001">
            <label>How long did it take? (In minutes)</label>
          </input>
        </repeat>
      </group>
      <trigger ref="/aDZ9zeWGXm5vgT7MicJAWV/home/Checking_social_media_001_004">
        <label>Eating and drinking</label>
      </trigger>
      <group ref="/aDZ9zeWGXm5vgT7MicJAWV/home/group_ud5xy22">
        <label></label>
        <repeat appearance="field-list" nodeset="/aDZ9zeWGXm5vgT7MicJAWV/home/group_ud5xy22">
          <input ref="/aDZ9zeWGXm5vgT7MicJAWV/home/group_ud5xy22/start_time_01_001_001_001_001_">
            <label>Roughly, when did you start this activity?</label>
          </input>
          <input ref="/aDZ9zeWGXm5vgT7MicJAWV/home/group_ud5xy22/duration_01_001_001_001_001">
            <label>How long did it take? (In minutes)</label>
          </input>
        </repeat>
      </group>
      <trigger ref="/aDZ9zeWGXm5vgT7MicJAWV/home/Checking_social_media_001_003">
        <label>Exercising</label>
      </trigger>
      <group ref="/aDZ9zeWGXm5vgT7MicJAWV/home/group_ok9za80">
        <label></label>
        <repeat appearance="field-list" nodeset="/aDZ9zeWGXm5vgT7MicJAWV/home/group_ok9za80">
          <input ref="/aDZ9zeWGXm5vgT7MicJAWV/home/group_ok9za80/start_time_01_001_001_001_001_002">
            <label>Roughly, when did you start this activity?</label>
          </input>
          <input ref="/aDZ9zeWGXm5vgT7MicJAWV/home/group_ok9za80/duration_01_001_001_001_001_001">
            <label>How long did it take? (In minutes)</label>
          </input>
        </repeat>
      </group>
      <trigger ref="/aDZ9zeWGXm5vgT7MicJAWV/home/Checking_social_media_001_002">
        <label>Meditation</label>
      </trigger>
      <group ref="/aDZ9zeWGXm5vgT7MicJAWV/home/group_sk7jn92">
        <label></label>
        <repeat appearance="field-list" nodeset="/aDZ9zeWGXm5vgT7MicJAWV/home/group_sk7jn92">
          <input ref="/aDZ9zeWGXm5vgT7MicJAWV/home/group_sk7jn92/start_time_01_001_001_001_001__001">
            <label>Roughly, when did you start this activity?</label>
          </input>
          <input ref="/aDZ9zeWGXm5vgT7MicJAWV/home/group_sk7jn92/duration_01_001_001_001_001_00">
            <label>How long did it take? (In minutes)</label>
          </input>
        </repeat>
      </group>
      <trigger ref="/aDZ9zeWGXm5vgT7MicJAWV/home/Checking_social_media_001_001">
        <label>Online grocery shopping</label>
      </trigger>
      <group ref="/aDZ9zeWGXm5vgT7MicJAWV/home/group_ot93u77">
        <label></label>
        <repeat appearance="field-list" nodeset="/aDZ9zeWGXm5vgT7MicJAWV/home/group_ot93u77">
          <input ref="/aDZ9zeWGXm5vgT7MicJAWV/home/group_ot93u77/start_time_01_001_001_001_001__002">
            <label>Roughly, when did you start this activity?</label>
          </input>
          <input ref="/aDZ9zeWGXm5vgT7MicJAWV/home/group_ot93u77/duration_01_001_001_001_001_00_001">
            <label>How long did it take? (In minutes)</label>
          </input>
        </repeat>
      </group>
      <trigger ref="/aDZ9zeWGXm5vgT7MicJAWV/home/Checking_social_media_001_001_001">
        <label>Online other shopping</label>
      </trigger>
      <group ref="/aDZ9zeWGXm5vgT7MicJAWV/home/group_kn6bn88">
        <label></label>
        <repeat appearance="field-list" nodeset="/aDZ9zeWGXm5vgT7MicJAWV/home/group_kn6bn88">
          <input ref="/aDZ9zeWGXm5vgT7MicJAWV/home/group_kn6bn88/start_time_01_001_001_002_001__007">
            <label>Roughly, when did you start this activity?</label>
          </input>
          <input ref="/aDZ9zeWGXm5vgT7MicJAWV/home/group_kn6bn88/duration_01_001_001_001_001_00_002">
            <label>How long did it take? (In minutes)</label>
          </input>
        </repeat>
      </group>
      <trigger ref="/aDZ9zeWGXm5vgT7MicJAWV/home/Checking_social_media_001_001_">
        <label>Paying household bills</label>
      </trigger>
      <group ref="/aDZ9zeWGXm5vgT7MicJAWV/home/group_jc5xr35">
        <label></label>
        <repeat appearance="field-list" nodeset="/aDZ9zeWGXm5vgT7MicJAWV/home/group_jc5xr35">
          <input ref="/aDZ9zeWGXm5vgT7MicJAWV/home/group_jc5xr35/start_time_01_001_001_002_001__008">
            <label>Roughly, when did you start this activity?</label>
          </input>
          <input ref="/aDZ9zeWGXm5vgT7MicJAWV/home/group_jc5xr35/duration_01_001_001_001_001_00_003">
            <label>How long did it take? (In minutes)</label>
          </input>
        </repeat>
      </group>
      <trigger ref="/aDZ9zeWGXm5vgT7MicJAWV/home/Checking_social_media_001_001_002">
        <label>Personal hygiene</label>
      </trigger>
      <group ref="/aDZ9zeWGXm5vgT7MicJAWV/home/group_ia2ey27">
        <label></label>
        <repeat appearance="field-list" nodeset="/aDZ9zeWGXm5vgT7MicJAWV/home/group_ia2ey27">
          <input ref="/aDZ9zeWGXm5vgT7MicJAWV/home/group_ia2ey27/start_time_01_001_001_002_001__005">
            <label>Roughly, when did you start this activity?</label>
          </input>
          <input ref="/aDZ9zeWGXm5vgT7MicJAWV/home/group_ia2ey27/duration_01_001_001_001_001_00_004">
            <label>How long did it take? (In minutes)</label>
          </input>
        </repeat>
      </group>
      <trigger ref="/aDZ9zeWGXm5vgT7MicJAWV/home/Checking_social_media_001_001__001">
        <label>Pet care activities</label>
      </trigger>
      <group ref="/aDZ9zeWGXm5vgT7MicJAWV/home/group_wa6eq78">
        <label></label>
        <repeat appearance="field-list" nodeset="/aDZ9zeWGXm5vgT7MicJAWV/home/group_wa6eq78">
          <input ref="/aDZ9zeWGXm5vgT7MicJAWV/home/group_wa6eq78/start_time_01_001_001_002_001__006">
            <label>Roughly, when did you start this activity?</label>
          </input>
          <input ref="/aDZ9zeWGXm5vgT7MicJAWV/home/group_wa6eq78/duration_01_001_001_001_001_00_005">
            <label>How long did it take? (In minutes)</label>
          </input>
        </repeat>
      </group>
      <trigger ref="/aDZ9zeWGXm5vgT7MicJAWV/home/Checking_social_media_001_001__008">
        <label>Play video games</label>
      </trigger>
      <group ref="/aDZ9zeWGXm5vgT7MicJAWV/home/group_ai4vm64">
        <label></label>
        <repeat appearance="field-list" nodeset="/aDZ9zeWGXm5vgT7MicJAWV/home/group_ai4vm64">
          <input ref="/aDZ9zeWGXm5vgT7MicJAWV/home/group_ai4vm64/start_time_01_001_001_002_001__003">
            <label>Roughly, when did you start this activity?</label>
          </input>
          <input ref="/aDZ9zeWGXm5vgT7MicJAWV/home/group_ai4vm64/duration_01_001_001_001_001_00_006">
            <label>How long did it take? (In minutes)</label>
          </input>
        </repeat>
      </group>
      <trigger ref="/aDZ9zeWGXm5vgT7MicJAWV/home/Checking_social_media_001_001__007">
        <label>Preparing meals or snacks</label>
      </trigger>
      <group ref="/aDZ9zeWGXm5vgT7MicJAWV/home/group_jf7rt99">
        <label></label>
        <repeat appearance="field-list" nodeset="/aDZ9zeWGXm5vgT7MicJAWV/home/group_jf7rt99">
          <input ref="/aDZ9zeWGXm5vgT7MicJAWV/home/group_jf7rt99/start_time_01_001_001_002_001__001">
            <label>Roughly, when did you start this activity?</label>
          </input>
          <input ref="/aDZ9zeWGXm5vgT7MicJAWV/home/group_jf7rt99/duration_01_001_001_001_001_00_007">
            <label>How long did it take? (In minutes)</label>
          </input>
        </repeat>
      </group>
      <trigger ref="/aDZ9zeWGXm5vgT7MicJAWV/home/Checking_social_media_001_001__006">
        <label>Reading book for personal interest</label>
      </trigger>
      <group ref="/aDZ9zeWGXm5vgT7MicJAWV/home/group_zz43i41">
        <label></label>
        <repeat appearance="field-list" nodeset="/aDZ9zeWGXm5vgT7MicJAWV/home/group_zz43i41">
          <input ref="/aDZ9zeWGXm5vgT7MicJAWV/home/group_zz43i41/start_time_01_001_001_002_001__002">
            <label>Roughly, when did you start this activity?</label>
          </input>
          <input ref="/aDZ9zeWGXm5vgT7MicJAWV/home/group_zz43i41/duration_01_001_001_001_001_00_008">
            <label>How long did it take? (In minutes)</label>
          </input>
        </repeat>
      </group>
      <trigger ref="/aDZ9zeWGXm5vgT7MicJAWV/home/Checking_social_media_001_001__005">
        <label>Repairing and gardening</label>
      </trigger>
      <group ref="/aDZ9zeWGXm5vgT7MicJAWV/home/group_mt7ux80">
        <label></label>
        <repeat appearance="field-list" nodeset="/aDZ9zeWGXm5vgT7MicJAWV/home/group_mt7ux80">
          <input ref="/aDZ9zeWGXm5vgT7MicJAWV/home/group_mt7ux80/start_time_01_001_001_002_001__004">
            <label>Roughly, when did you start this activity?</label>
          </input>
          <input ref="/aDZ9zeWGXm5vgT7MicJAWV/home/group_mt7ux80/duration_01_001_001_001_001_00_009">
            <label>How long did it take? (In minutes)</label>
          </input>
        </repeat>
      </group>
      <trigger ref="/aDZ9zeWGXm5vgT7MicJAWV/home/Checking_social_media_001_001__004">
        <label>Sleeping</label>
      </trigger>
      <group ref="/aDZ9zeWGXm5vgT7MicJAWV/home/group_xk1ng28">
        <label></label>
        <repeat appearance="field-list" nodeset="/aDZ9zeWGXm5vgT7MicJAWV/home/group_xk1ng28">
          <input ref="/aDZ9zeWGXm5vgT7MicJAWV/home/group_xk1ng28/start_time_01_001_001_002_001_003">
            <label>Roughly, when did you start this activity?</label>
          </input>
          <input ref="/aDZ9zeWGXm5vgT7MicJAWV/home/group_xk1ng28/duration_01_001_001_001_001_00_010">
            <label>How long did it take? (In minutes)</label>
          </input>
        </repeat>
      </group>
      <trigger ref="/aDZ9zeWGXm5vgT7MicJAWV/home/Checking_social_media_001_001__003">
        <label>Studying for University</label>
      </trigger>
      <group ref="/aDZ9zeWGXm5vgT7MicJAWV/home/group_jz8ao35">
        <label></label>
        <repeat appearance="field-list" nodeset="/aDZ9zeWGXm5vgT7MicJAWV/home/group_jz8ao35">
          <input ref="/aDZ9zeWGXm5vgT7MicJAWV/home/group_jz8ao35/start_time_01_001_001_002_001_002">
            <label>Roughly, when did you start this activity?</label>
          </input>
          <input ref="/aDZ9zeWGXm5vgT7MicJAWV/home/group_jz8ao35/duration_01_001_001_001_001_00_011">
            <label>How long did it take? (In minutes)</label>
          </input>
        </repeat>
      </group>
      <trigger ref="/aDZ9zeWGXm5vgT7MicJAWV/home/Checking_social_media_001_001__002">
        <label>Work from home main job</label>
      </trigger>
      <group ref="/aDZ9zeWGXm5vgT7MicJAWV/home/group_nl7ef69">
        <label></label>
        <repeat appearance="field-list" nodeset="/aDZ9zeWGXm5vgT7MicJAWV/home/group_nl7ef69">
          <input ref="/aDZ9zeWGXm5vgT7MicJAWV/home/group_nl7ef69/start_time_01_001_001_002_001_001">
            <label>Roughly, when did you start this activity?</label>
          </input>
          <input ref="/aDZ9zeWGXm5vgT7MicJAWV/home/group_nl7ef69/duration_01_001_001_001_001_00_012">
            <label>How long did it take? (In minutes)</label>
          </input>
        </repeat>
      </group>
      <trigger ref="/aDZ9zeWGXm5vgT7MicJAWV/home/Checking_social_media_001_001__010">
        <label>Work from home other job</label>
      </trigger>
      <group ref="/aDZ9zeWGXm5vgT7MicJAWV/home/group_zd2zs54">
        <label></label>
        <repeat appearance="field-list" nodeset="/aDZ9zeWGXm5vgT7MicJAWV/home/group_zd2zs54">
          <input ref="/aDZ9zeWGXm5vgT7MicJAWV/home/group_zd2zs54/start_time_01_001_001">
            <label>Roughly, when did you start this activity?</label>
          </input>
          <input ref="/aDZ9zeWGXm5vgT7MicJAWV/home/group_zd2zs54/duration_01_001_001_001_001_00_013">
            <label>How long did it take? (In minutes)</label>
          </input>
        </repeat>
      </group>
      <trigger ref="/aDZ9zeWGXm5vgT7MicJAWV/home/Checking_social_media_001_001__009">
        <label>Watching TV, Netflix, YouTube, etc.</label>
      </trigger>
      <group ref="/aDZ9zeWGXm5vgT7MicJAWV/home/group_rt0lc52">
        <label></label>
        <repeat appearance="field-list" nodeset="/aDZ9zeWGXm5vgT7MicJAWV/home/group_rt0lc52">
          <input ref="/aDZ9zeWGXm5vgT7MicJAWV/home/group_rt0lc52/start_time_01_001_001_002_001">
            <label>Roughly, when did you start this activity?</label>
          </input>
          <input ref="/aDZ9zeWGXm5vgT7MicJAWV/home/group_rt0lc52/duration_01_001_001_001_001_00_014">
            <label>How long did it take? (In minutes)</label>
          </input>
        </repeat>
      </group>
      <trigger ref="/aDZ9zeWGXm5vgT7MicJAWV/home/Checking_social_media_001_001__011">
        <label>No activity, just relaxing or thinking</label>
      </trigger>
      <group ref="/aDZ9zeWGXm5vgT7MicJAWV/home/group_gg6wr46">
        <label></label>
        <repeat appearance="field-list" nodeset="/aDZ9zeWGXm5vgT7MicJAWV/home/group_gg6wr46">
          <input ref="/aDZ9zeWGXm5vgT7MicJAWV/home/group_gg6wr46/start_time_01_001_001_002">
            <label>Roughly, when did you start this activity?</label>
          </input>
          <input ref="/aDZ9zeWGXm5vgT7MicJAWV/home/group_gg6wr46/duration_01_001_001_001_001_00_015">
            <label>How long did it take? (In minutes)</label>
          </input>
        </repeat>
      </group>
      <trigger ref="/aDZ9zeWGXm5vgT7MicJAWV/home/Checking_social_media_001_001__012">
        <label>Other</label>
      </trigger>
      <group ref="/aDZ9zeWGXm5vgT7MicJAWV/home/group_mq1qk43">
        <label></label>
        <repeat appearance="field-list" nodeset="/aDZ9zeWGXm5vgT7MicJAWV/home/group_mq1qk43">
          <input ref="/aDZ9zeWGXm5vgT7MicJAWV/home/group_mq1qk43/Please_indicate_it_below">
            <label>Please indicate it below:</label>
          </input>
          <input ref="/aDZ9zeWGXm5vgT7MicJAWV/home/group_mq1qk43/start_time_01_001_001_002_001_">
            <label>Roughly, when did you start this activity?</label>
          </input>
          <input ref="/aDZ9zeWGXm5vgT7MicJAWV/home/group_mq1qk43/duration_01_001_001_001_001_00_016">
            <label>How long did it take? (In minutes)</label>
          </input>
        </repeat>
      </group>
    </group>
  </h:body>
</h:html>
